<testsuites id="" name="" tests="3" failures="0" skipped="0" errors="0" time="11.587189999999998">
<testsuite name="flip-and-iterate.spec.ts" timestamp="2025-08-13T15:15:09.739Z" hostname="chromium" tests="1" failures="0" skipped="0" time="10.237" errors="0">
<testcase name="flip the card and iterate next until wrapping to 1/15" classname="flip-and-iterate.spec.ts" time="10.237">
</testcase>
</testsuite>
<testsuite name="home.spec.ts" timestamp="2025-08-13T15:15:09.739Z" hostname="chromium" tests="1" failures="0" skipped="0" time="0.847" errors="0">
<testcase name="homepage loads and shows title" classname="home.spec.ts" time="0.847">
</testcase>
</testsuite>
<testsuite name="random-button.spec.ts" timestamp="2025-08-13T15:15:09.739Z" hostname="chromium" tests="1" failures="0" skipped="0" time="0.861" errors="0">
<testcase name="Random Card jumps to a non-sequential card (not 2/15 from 1/15)" classname="random-button.spec.ts" time="0.861">
</testcase>
</testsuite>
</testsuites>