<testsuites id="" name="" tests="3" failures="0" skipped="0" errors="0" time="2.3121910000000003">
<testsuite name="home.spec.ts" timestamp="2025-08-13T13:58:58.821Z" hostname="chromium" tests="1" failures="0" skipped="0" time="0.193" errors="0">
<testcase name="homepage loads and shows title" classname="home.spec.ts" time="0.193">
</testcase>
</testsuite>
<testsuite name="home.spec.ts" timestamp="2025-08-13T13:58:58.821Z" hostname="firefox" tests="1" failures="0" skipped="0" time="0.55" errors="0">
<testcase name="homepage loads and shows title" classname="home.spec.ts" time="0.55">
</testcase>
</testsuite>
<testsuite name="home.spec.ts" timestamp="2025-08-13T13:58:58.821Z" hostname="webkit" tests="1" failures="0" skipped="0" time="0.348" errors="0">
<testcase name="homepage loads and shows title" classname="home.spec.ts" time="0.348">
</testcase>
</testsuite>
</testsuites>